2023-02-09 20:42:36,749 - kedro.framework.session.session - INFO - Kedro project economic-freedom-ml
2023-02-09 20:43:35,363 - kedro.framework.session.session - INFO - Kedro project economic-freedom-ml
2023-02-09 20:54:08,278 - kedro.ipython - INFO - Kedro project economic_freedom_ml
2023-02-09 20:54:08,280 - kedro.ipython - INFO - Defined global variable 'context', 'session', 'catalog' and 'pipelines'
2023-02-09 20:54:48,975 - kedro.io.data_catalog - INFO - Loading data from 'heritage_foundation_database' (CSVDataSet)...
2023-02-09 21:02:21,249 - kedro.io.data_catalog - INFO - Loading data from 'heritage_foundation_database' (CSVDataSet)...
2023-02-09 21:27:40,607 - kedro.ipython - INFO - Kedro project economic_freedom_ml
2023-02-09 21:27:40,609 - kedro.ipython - INFO - Defined global variable 'context', 'session', 'catalog' and 'pipelines'
2023-02-09 21:28:10,671 - kedro.io.data_catalog - INFO - Loading data from 'heritage_foundation_database' (CSVDataSet)...
2023-02-09 21:36:13,609 - kedro.ipython - INFO - Kedro project economic_freedom_ml
2023-02-09 21:36:13,614 - kedro.ipython - INFO - Defined global variable 'context', 'session', 'catalog' and 'pipelines'
2023-02-09 21:36:16,134 - Comm - ERROR - No such comm target registered: jupyter.widget.control
2023-02-09 21:36:16,152 - Comm - WARNING - No such comm: 51b28420-5d0c-4298-986e-65e773310e5b
2023-02-09 21:36:35,363 - kedro.io.data_catalog - INFO - Loading data from 'heritage_foundation_database' (CSVDataSet)...
2023-02-09 21:37:38,827 - kedro.io.data_catalog - INFO - Loading data from 'heritage_foundation_database' (CSVDataSet)...
2023-02-09 21:38:44,854 - kedro.ipython - INFO - Resolved project path as: /home/work/Documents/repo/economic_freedom_ml/economic-freedom-ml.
To set a different path, run '%reload_kedro <project_root>'
2023-02-09 21:38:45,743 - kedro.ipython - INFO - Kedro project economic_freedom_ml
2023-02-09 21:38:45,748 - kedro.ipython - INFO - Defined global variable 'context', 'session', 'catalog' and 'pipelines'
2023-02-10 08:29:23,481 - kedro.ipython - INFO - Kedro project economic_freedom_ml
2023-02-10 08:29:23,485 - kedro.ipython - INFO - Defined global variable 'context', 'session', 'catalog' and 'pipelines'
2023-02-10 08:29:23,665 - Comm - ERROR - No such comm target registered: jupyter.widget.control
2023-02-10 08:29:23,676 - Comm - WARNING - No such comm: d92620d9-f49f-44d0-8a70-0d16ed46368e
2023-02-10 08:29:44,713 - kedro.ipython - INFO - Kedro project economic_freedom_ml
2023-02-10 08:29:44,719 - kedro.ipython - INFO - Defined global variable 'context', 'session', 'catalog' and 'pipelines'
2023-02-10 08:29:44,841 - Comm - ERROR - No such comm target registered: jupyter.widget.control
2023-02-10 08:29:44,863 - Comm - WARNING - No such comm: 2efc7366-e4e2-4d48-a76b-2f2d3d7b9144
2023-02-10 08:29:46,537 - kedro.ipython - INFO - Resolved project path as: /home/work/Documents/repo/economic_freedom_ml/economic-freedom-ml.
To set a different path, run '%reload_kedro <project_root>'
2023-02-10 08:29:47,427 - kedro.ipython - INFO - Kedro project economic_freedom_ml
2023-02-10 08:29:47,432 - kedro.ipython - INFO - Defined global variable 'context', 'session', 'catalog' and 'pipelines'
2023-02-10 08:29:50,212 - kedro.io.data_catalog - INFO - Loading data from 'heritage_foundation_database' (CSVDataSet)...
2023-02-10 15:39:27,511 - kedro.ipython - INFO - Kedro project economic_freedom_ml
2023-02-10 15:39:27,517 - kedro.ipython - INFO - Defined global variable 'context', 'session', 'catalog' and 'pipelines'
2023-02-10 15:39:27,923 - kedro.ipython - INFO - Resolved project path as: /home/work/Documents/repo/economic_freedom_ml/economic-freedom-ml.
To set a different path, run '%reload_kedro <project_root>'
2023-02-10 15:39:30,436 - kedro.ipython - INFO - Kedro project economic_freedom_ml
2023-02-10 15:39:30,443 - kedro.ipython - INFO - Defined global variable 'context', 'session', 'catalog' and 'pipelines'
2023-02-10 15:39:30,525 - kedro.io.data_catalog - INFO - Loading data from 'heritage_foundation_database' (CSVDataSet)...
2023-02-10 15:39:30,586 - Comm - ERROR - No such comm target registered: jupyter.widget.control
2023-02-10 15:39:30,612 - Comm - WARNING - No such comm: d9c36cc8-9b89-42b4-be2f-001354c2a837
2023-02-10 15:53:31,249 - kedro.framework.session.session - INFO - Kedro project economic-freedom-ml
2023-02-10 15:53:32,920 - kedro.io.data_catalog - INFO - Loading data from 'heritage_foundation_database' (CSVDataSet)...
2023-02-10 15:53:32,933 - kedro.pipeline.node - INFO - Running node: preprocess_raw_data_node: preprocess_raw_data([heritage_foundation_database]) -> [preprocess_raw_data]
2023-02-10 15:53:32,937 - kedro.pipeline.node - ERROR - Node 'preprocess_raw_data_node: preprocess_raw_data([heritage_foundation_database]) -> [preprocess_raw_data]' failed with error: 
['score']
2023-02-10 15:53:32,943 - kedro.runner.sequential_runner - WARNING - No nodes ran. Repeat the previous command to attempt a new run.
2023-02-10 15:54:02,642 - kedro.framework.session.session - INFO - Kedro project economic-freedom-ml
2023-02-10 15:54:04,052 - kedro.io.data_catalog - INFO - Loading data from 'heritage_foundation_database' (CSVDataSet)...
2023-02-10 15:54:04,062 - kedro.pipeline.node - INFO - Running node: preprocess_raw_data_node: preprocess_raw_data([heritage_foundation_database]) -> [preprocess_raw_data]
2023-02-10 15:54:04,068 - kedro.pipeline.node - ERROR - Node 'preprocess_raw_data_node: preprocess_raw_data([heritage_foundation_database]) -> [preprocess_raw_data]' failed with error: 
['score']
2023-02-10 15:54:04,086 - kedro.runner.sequential_runner - WARNING - No nodes ran. Repeat the previous command to attempt a new run.
2023-02-10 15:54:36,714 - kedro.framework.session.session - INFO - Kedro project economic-freedom-ml
2023-02-10 15:54:38,153 - kedro.io.data_catalog - INFO - Loading data from 'heritage_foundation_database' (CSVDataSet)...
2023-02-10 15:54:38,164 - kedro.pipeline.node - INFO - Running node: preprocess_raw_data_node: preprocess_raw_data([heritage_foundation_database]) -> [preprocess_raw_data]
2023-02-10 15:54:38,170 - kedro.io.data_catalog - INFO - Saving data to 'preprocess_raw_data' (MemoryDataSet)...
2023-02-10 15:54:38,175 - kedro.runner.sequential_runner - INFO - Completed 1 out of 1 tasks
2023-02-10 15:54:38,180 - kedro.runner.sequential_runner - INFO - Pipeline execution completed successfully.
2023-02-10 15:54:38,184 - kedro.io.data_catalog - INFO - Loading data from 'preprocess_raw_data' (MemoryDataSet)...
2023-02-10 15:56:02,590 - kedro.framework.session.session - INFO - Kedro project economic-freedom-ml
2023-02-10 15:56:04,072 - kedro.io.data_catalog - INFO - Loading data from 'heritage_foundation_database' (CSVDataSet)...
2023-02-10 15:56:04,088 - kedro.pipeline.node - INFO - Running node: preprocess_raw_data_node: preprocess_raw_data([heritage_foundation_database]) -> [preprocess_raw_data]
2023-02-10 15:56:04,093 - kedro.pipeline.node - ERROR - Node 'preprocess_raw_data_node: preprocess_raw_data([heritage_foundation_database]) -> [preprocess_raw_data]' failed with error: 
No axis named 3 for object type DataFrame
2023-02-10 15:56:04,100 - kedro.runner.sequential_runner - WARNING - No nodes ran. Repeat the previous command to attempt a new run.
2023-02-10 15:56:21,107 - kedro.framework.session.session - INFO - Kedro project economic-freedom-ml
2023-02-10 15:56:22,855 - kedro.io.data_catalog - INFO - Loading data from 'heritage_foundation_database' (CSVDataSet)...
2023-02-10 15:56:22,865 - kedro.pipeline.node - INFO - Running node: preprocess_raw_data_node: preprocess_raw_data([heritage_foundation_database]) -> [preprocess_raw_data]
2023-02-10 15:56:22,872 - kedro.pipeline.node - ERROR - Node 'preprocess_raw_data_node: preprocess_raw_data([heritage_foundation_database]) -> [preprocess_raw_data]' failed with error: 
['score']
2023-02-10 15:56:22,877 - kedro.runner.sequential_runner - WARNING - No nodes ran. Repeat the previous command to attempt a new run.
2023-02-10 15:56:44,411 - kedro.framework.session.session - INFO - Kedro project economic-freedom-ml
2023-02-10 15:56:47,544 - kedro.io.data_catalog - INFO - Loading data from 'heritage_foundation_database' (CSVDataSet)...
2023-02-10 15:56:47,554 - kedro.pipeline.node - INFO - Running node: preprocess_raw_data_node: preprocess_raw_data([heritage_foundation_database]) -> [preprocess_raw_data]
2023-02-10 15:56:47,558 - kedro.pipeline.node - ERROR - Node 'preprocess_raw_data_node: preprocess_raw_data([heritage_foundation_database]) -> [preprocess_raw_data]' failed with error: 
['score']
2023-02-10 15:56:47,563 - kedro.runner.sequential_runner - WARNING - No nodes ran. Repeat the previous command to attempt a new run.
2023-02-10 15:57:43,250 - kedro.framework.session.session - INFO - Kedro project economic-freedom-ml
2023-02-10 15:57:44,745 - kedro.io.data_catalog - INFO - Loading data from 'heritage_foundation_database' (CSVDataSet)...
2023-02-10 15:57:44,756 - kedro.pipeline.node - INFO - Running node: preprocess_raw_data_node: preprocess_raw_data([heritage_foundation_database]) -> [preprocess_raw_data]
2023-02-10 15:57:44,764 - kedro.io.data_catalog - INFO - Saving data to 'preprocess_raw_data' (MemoryDataSet)...
2023-02-10 15:57:44,769 - kedro.runner.sequential_runner - INFO - Completed 1 out of 1 tasks
2023-02-10 15:57:44,772 - kedro.runner.sequential_runner - INFO - Pipeline execution completed successfully.
2023-02-10 15:57:44,776 - kedro.io.data_catalog - INFO - Loading data from 'preprocess_raw_data' (MemoryDataSet)...
2023-02-10 15:59:06,433 - kedro.framework.session.session - INFO - Kedro project economic-freedom-ml
2023-02-10 15:59:07,884 - kedro.io.data_catalog - INFO - Loading data from 'heritage_foundation_database' (CSVDataSet)...
2023-02-10 15:59:07,896 - kedro.pipeline.node - INFO - Running node: preprocess_raw_data_node: preprocess_raw_data([heritage_foundation_database]) -> [preprocess_raw_data]
2023-02-10 15:59:07,903 - kedro.io.data_catalog - INFO - Saving data to 'preprocess_raw_data' (CSVDataSet)...
2023-02-10 15:59:07,929 - kedro.runner.sequential_runner - INFO - Completed 1 out of 1 tasks
2023-02-10 15:59:07,934 - kedro.runner.sequential_runner - INFO - Pipeline execution completed successfully.
2023-02-10 16:01:51,074 - kedro.framework.session.session - INFO - Kedro project economic-freedom-ml
2023-02-10 16:01:52,645 - kedro.io.data_catalog - INFO - Loading data from 'heritage_foundation_database' (CSVDataSet)...
2023-02-10 16:01:52,657 - kedro.pipeline.node - INFO - Running node: preprocess_raw_data_node: preprocess_raw_data([heritage_foundation_database]) -> [preprocess_raw_data]
2023-02-10 16:01:52,666 - kedro.io.data_catalog - INFO - Saving data to 'preprocess_raw_data' (CSVDataSet)...
2023-02-10 16:01:52,724 - kedro.runner.sequential_runner - INFO - Completed 1 out of 1 tasks
2023-02-10 16:01:52,727 - kedro.runner.sequential_runner - INFO - Pipeline execution completed successfully.
2023-02-10 16:05:46,293 - kedro.framework.session.session - INFO - Kedro project economic-freedom-ml
2023-02-10 16:06:46,220 - kedro.framework.session.session - INFO - Kedro project economic-freedom-ml
2023-02-10 16:06:47,700 - kedro.io.data_catalog - INFO - Loading data from 'heritage_foundation_database' (CSVDataSet)...
2023-02-10 16:06:47,709 - kedro.pipeline.node - INFO - Running node: preprocess_raw_data_node: preprocess_raw_data([heritage_foundation_database]) -> [preprocess_data]
2023-02-10 16:06:47,717 - kedro.io.data_catalog - INFO - Saving data to 'preprocess_data' (CSVDataSet)...
2023-02-10 16:06:47,743 - kedro.runner.sequential_runner - INFO - Completed 1 out of 1 tasks
2023-02-10 16:06:47,747 - kedro.runner.sequential_runner - INFO - Pipeline execution completed successfully.
2023-02-10 16:09:01,652 - kedro.framework.session.session - INFO - Kedro project economic-freedom-ml
2023-02-10 16:09:03,156 - kedro.io.data_catalog - INFO - Loading data from 'heritage_foundation_database' (CSVDataSet)...
2023-02-10 16:09:03,170 - kedro.pipeline.node - INFO - Running node: preprocess_raw_data_node: preprocess_raw_data([heritage_foundation_database]) -> [preprocess_data]
2023-02-10 16:09:03,182 - kedro.io.data_catalog - INFO - Saving data to 'preprocess_data' (CSVDataSet)...
2023-02-10 16:09:03,205 - kedro.runner.sequential_runner - INFO - Completed 1 out of 1 tasks
2023-02-10 16:09:03,210 - kedro.runner.sequential_runner - INFO - Pipeline execution completed successfully.
2023-02-10 16:32:30,344 - kedro.ipython - INFO - Kedro project economic_freedom_ml
2023-02-10 16:32:30,349 - kedro.ipython - INFO - Defined global variable 'context', 'session', 'catalog' and 'pipelines'
2023-02-10 16:33:12,859 - kedro.io.data_catalog - INFO - Loading data from 'heritage_foundation_database' (CSVDataSet)...
2023-02-10 16:34:16,152 - kedro.ipython - INFO - Resolved project path as: /home/work/Documents/repo/economic_freedom_ml/economic-freedom-ml.
To set a different path, run '%reload_kedro <project_root>'
2023-02-10 16:34:17,173 - kedro.ipython - INFO - Kedro project economic_freedom_ml
2023-02-10 16:34:17,177 - kedro.ipython - INFO - Defined global variable 'context', 'session', 'catalog' and 'pipelines'
2023-02-10 16:34:19,743 - kedro.io.data_catalog - INFO - Loading data from 'world_database' (CSVDataSet)...
2023-02-10 16:41:53,063 - kedro.framework.session.session - INFO - Kedro project economic-freedom-ml
2023-02-10 16:41:54,304 - kedro.io.data_catalog - INFO - Loading data from 'heritage_foundation_database' (CSVDataSet)...
2023-02-10 16:41:54,312 - kedro.pipeline.node - INFO - Running node: preprocess_raw_data_node: preprocess_raw_data([heritage_foundation_database]) -> [preprocess_data]
2023-02-10 16:41:54,319 - kedro.io.data_catalog - INFO - Saving data to 'preprocess_data' (CSVDataSet)...
2023-02-10 16:41:54,341 - kedro.runner.sequential_runner - INFO - Completed 1 out of 2 tasks
2023-02-10 16:41:54,344 - kedro.io.data_catalog - INFO - Loading data from 'world_database' (CSVDataSet)...
2023-02-10 16:41:54,352 - kedro.pipeline.node - INFO - Running node: preprocess_world_data_node: preprocess_world([world_database]) -> [preprocess_world_data]
2023-02-10 16:41:54,364 - kedro.io.data_catalog - INFO - Saving data to 'preprocess_world_data' (MemoryDataSet)...
2023-02-10 16:41:54,367 - kedro.runner.sequential_runner - INFO - Completed 2 out of 2 tasks
2023-02-10 16:41:54,376 - kedro.runner.sequential_runner - INFO - Pipeline execution completed successfully.
2023-02-10 16:41:54,381 - kedro.io.data_catalog - INFO - Loading data from 'preprocess_world_data' (MemoryDataSet)...
2023-02-10 16:43:05,469 - kedro.framework.session.session - INFO - Kedro project economic-freedom-ml
2023-02-10 16:43:06,771 - kedro.io.data_catalog - INFO - Loading data from 'heritage_foundation_database' (CSVDataSet)...
2023-02-10 16:43:06,778 - kedro.pipeline.node - INFO - Running node: preprocess_raw_data_node: preprocess_raw_data([heritage_foundation_database]) -> [preprocess_data]
2023-02-10 16:43:06,786 - kedro.io.data_catalog - INFO - Saving data to 'preprocess_data' (CSVDataSet)...
2023-02-10 16:43:06,808 - kedro.runner.sequential_runner - INFO - Completed 1 out of 2 tasks
2023-02-10 16:43:06,811 - kedro.io.data_catalog - INFO - Loading data from 'world_database' (CSVDataSet)...
2023-02-10 16:43:06,819 - kedro.pipeline.node - INFO - Running node: preprocess_world_data_node: preprocess_world([world_database]) -> [preprocess_world_data]
2023-02-10 16:43:06,830 - kedro.io.data_catalog - INFO - Saving data to 'preprocess_world_data' (CSVDataSet)...
2023-02-10 16:43:06,854 - kedro.runner.sequential_runner - INFO - Completed 2 out of 2 tasks
2023-02-10 16:43:06,858 - kedro.runner.sequential_runner - INFO - Pipeline execution completed successfully.
2023-02-10 16:45:23,777 - kedro.framework.session.session - INFO - Kedro project economic-freedom-ml
2023-02-10 16:45:25,025 - kedro.io.data_catalog - INFO - Loading data from 'heritage_foundation_database' (CSVDataSet)...
2023-02-10 16:45:25,033 - kedro.pipeline.node - INFO - Running node: preprocess_raw_data_node: preprocess_raw_data([heritage_foundation_database]) -> [preprocess_data]
2023-02-10 16:45:25,042 - kedro.io.data_catalog - INFO - Saving data to 'preprocess_data' (CSVDataSet)...
2023-02-10 16:45:25,063 - kedro.runner.sequential_runner - INFO - Completed 1 out of 2 tasks
2023-02-10 16:45:25,066 - kedro.io.data_catalog - INFO - Loading data from 'world_database' (CSVDataSet)...
2023-02-10 16:45:25,080 - kedro.pipeline.node - INFO - Running node: preprocess_world_data_node: preprocess_world([world_database]) -> [preprocess_world_data]
2023-02-10 16:45:25,088 - kedro.pipeline.node - ERROR - Node 'preprocess_world_data_node: preprocess_world([world_database]) -> [preprocess_world_data]' failed with error: 
Length of 'prefix' (1) did not match the length of the columns being encoded (2).
2023-02-10 16:45:25,098 - kedro.runner.sequential_runner - WARNING - There are 1 nodes that have not run.
You can resume the pipeline run from the nearest nodes with persisted inputs by adding the following argument to your previous command:
  --from-nodes "preprocess_world_data_node"
2023-02-10 16:47:14,080 - kedro.framework.session.session - INFO - Kedro project economic-freedom-ml
2023-02-10 16:47:15,293 - kedro.io.data_catalog - INFO - Loading data from 'heritage_foundation_database' (CSVDataSet)...
2023-02-10 16:47:15,301 - kedro.pipeline.node - INFO - Running node: preprocess_raw_data_node: preprocess_raw_data([heritage_foundation_database]) -> [preprocess_data]
2023-02-10 16:47:15,309 - kedro.io.data_catalog - INFO - Saving data to 'preprocess_data' (CSVDataSet)...
2023-02-10 16:47:15,330 - kedro.runner.sequential_runner - INFO - Completed 1 out of 2 tasks
2023-02-10 16:47:15,333 - kedro.io.data_catalog - INFO - Loading data from 'world_database' (CSVDataSet)...
2023-02-10 16:47:15,342 - kedro.pipeline.node - INFO - Running node: preprocess_world_data_node: preprocess_world([world_database]) -> [preprocess_world_data]
2023-02-10 16:47:15,355 - kedro.io.data_catalog - INFO - Saving data to 'preprocess_world_data' (CSVDataSet)...
2023-02-10 16:47:15,361 - kedro.runner.sequential_runner - INFO - Completed 2 out of 2 tasks
2023-02-10 16:47:15,364 - kedro.runner.sequential_runner - INFO - Pipeline execution completed successfully.
2023-02-10 16:51:58,659 - kedro.framework.session.session - INFO - Kedro project economic-freedom-ml
2023-02-10 16:51:59,984 - kedro.io.data_catalog - INFO - Loading data from 'heritage_foundation_database' (CSVDataSet)...
2023-02-10 16:51:59,991 - kedro.pipeline.node - INFO - Running node: preprocess_raw_data_node: preprocess_raw_data([heritage_foundation_database]) -> [preprocess_data]
2023-02-10 16:51:59,999 - kedro.io.data_catalog - INFO - Saving data to 'preprocess_data' (CSVDataSet)...
2023-02-10 16:52:00,021 - kedro.runner.sequential_runner - INFO - Completed 1 out of 2 tasks
2023-02-10 16:52:00,024 - kedro.io.data_catalog - INFO - Loading data from 'world_database' (CSVDataSet)...
2023-02-10 16:52:00,033 - kedro.pipeline.node - INFO - Running node: preprocess_world_data_node: preprocess_world([world_database]) -> [preprocess_world_data]
2023-02-10 16:52:00,038 - kedro.pipeline.node - ERROR - Node 'preprocess_world_data_node: preprocess_world([world_database]) -> [preprocess_world_data]' failed with error: 
'DataFrame' object has no attribute 'get_dummies'
2023-02-10 16:52:00,046 - kedro.runner.sequential_runner - WARNING - There are 1 nodes that have not run.
You can resume the pipeline run from the nearest nodes with persisted inputs by adding the following argument to your previous command:
  --from-nodes "preprocess_world_data_node"
2023-02-10 16:53:48,019 - kedro.framework.session.session - INFO - Kedro project economic-freedom-ml
2023-02-10 16:53:49,271 - kedro.io.data_catalog - INFO - Loading data from 'heritage_foundation_database' (CSVDataSet)...
2023-02-10 16:53:49,279 - kedro.pipeline.node - INFO - Running node: preprocess_raw_data_node: preprocess_raw_data([heritage_foundation_database]) -> [preprocess_data]
2023-02-10 16:53:49,286 - kedro.io.data_catalog - INFO - Saving data to 'preprocess_data' (CSVDataSet)...
2023-02-10 16:53:49,307 - kedro.runner.sequential_runner - INFO - Completed 1 out of 2 tasks
2023-02-10 16:53:49,311 - kedro.io.data_catalog - INFO - Loading data from 'world_database' (CSVDataSet)...
2023-02-10 16:53:49,320 - kedro.pipeline.node - INFO - Running node: preprocess_world_data_node: preprocess_world([world_database]) -> [preprocess_world_data]
2023-02-10 16:53:49,335 - kedro.io.data_catalog - INFO - Saving data to 'preprocess_world_data' (CSVDataSet)...
2023-02-10 16:53:49,347 - kedro.runner.sequential_runner - INFO - Completed 2 out of 2 tasks
2023-02-10 16:53:49,351 - kedro.runner.sequential_runner - INFO - Pipeline execution completed successfully.
2023-02-10 17:23:00,479 - kedro.framework.session.session - INFO - Kedro project economic-freedom-ml
2023-02-10 17:24:21,174 - kedro.framework.session.session - INFO - Kedro project economic-freedom-ml
2023-02-10 17:24:22,394 - kedro.io.data_catalog - INFO - Loading data from 'heritage_foundation_database' (CSVDataSet)...
2023-02-10 17:24:22,401 - kedro.pipeline.node - INFO - Running node: preprocess_raw_data_node: preprocess_raw_data([heritage_foundation_database]) -> [preprocess_data]
2023-02-10 17:24:22,408 - kedro.io.data_catalog - INFO - Saving data to 'preprocess_data' (CSVDataSet)...
2023-02-10 17:24:22,429 - kedro.runner.sequential_runner - INFO - Completed 1 out of 2 tasks
2023-02-10 17:24:22,432 - kedro.io.data_catalog - INFO - Loading data from 'world_database' (CSVDataSet)...
2023-02-10 17:24:22,440 - kedro.pipeline.node - INFO - Running node: preprocess_world_data_node: preprocess_world([world_database]) -> [preprocess_world_data]
2023-02-10 17:24:22,451 - kedro.io.data_catalog - INFO - Saving data to 'preprocess_world_data' (CSVDataSet)...
2023-02-10 17:24:22,456 - kedro.runner.sequential_runner - INFO - Completed 2 out of 2 tasks
2023-02-10 17:24:22,459 - kedro.runner.sequential_runner - INFO - Pipeline execution completed successfully.
2023-02-10 17:24:27,803 - kedro.framework.session.session - INFO - Kedro project economic-freedom-ml
2023-02-10 17:24:29,057 - kedro.io.data_catalog - INFO - Loading data from 'preprocess_data' (CSVDataSet)...
2023-02-10 17:24:29,066 - kedro.io.data_catalog - INFO - Loading data from 'preprocess_world_data' (CSVDataSet)...
2023-02-10 17:24:29,073 - kedro.pipeline.node - INFO - Running node: data_with_features_node: creating_features([preprocess_data,preprocess_world_data]) -> [data_with_features]
2023-02-10 17:24:29,078 - kedro.io.data_catalog - INFO - Saving data to 'data_with_features' (CSVDataSet)...
2023-02-10 17:24:29,087 - kedro.runner.sequential_runner - INFO - Completed 1 out of 1 tasks
2023-02-10 17:24:29,090 - kedro.runner.sequential_runner - INFO - Pipeline execution completed successfully.
2023-02-10 17:26:10,250 - kedro.framework.session.session - INFO - Kedro project economic-freedom-ml
2023-02-10 17:26:11,472 - kedro.io.data_catalog - INFO - Loading data from 'heritage_foundation_database' (CSVDataSet)...
2023-02-10 17:26:11,481 - kedro.pipeline.node - INFO - Running node: preprocess_raw_data_node: preprocess_raw_data([heritage_foundation_database]) -> [preprocess_data]
2023-02-10 17:26:11,488 - kedro.io.data_catalog - INFO - Saving data to 'preprocess_data' (CSVDataSet)...
2023-02-10 17:26:11,507 - kedro.runner.sequential_runner - INFO - Completed 1 out of 2 tasks
2023-02-10 17:26:11,509 - kedro.io.data_catalog - INFO - Loading data from 'world_database' (CSVDataSet)...
2023-02-10 17:26:11,515 - kedro.pipeline.node - INFO - Running node: preprocess_world_data_node: preprocess_world([world_database]) -> [preprocess_world_data]
2023-02-10 17:26:11,524 - kedro.io.data_catalog - INFO - Saving data to 'preprocess_world_data' (CSVDataSet)...
2023-02-10 17:26:11,529 - kedro.runner.sequential_runner - INFO - Completed 2 out of 2 tasks
2023-02-10 17:26:11,531 - kedro.runner.sequential_runner - INFO - Pipeline execution completed successfully.
2023-02-10 17:26:16,392 - kedro.framework.session.session - INFO - Kedro project economic-freedom-ml
2023-02-10 17:26:17,800 - kedro.io.data_catalog - INFO - Loading data from 'preprocess_data' (CSVDataSet)...
2023-02-10 17:26:17,808 - kedro.io.data_catalog - INFO - Loading data from 'preprocess_world_data' (CSVDataSet)...
2023-02-10 17:26:17,814 - kedro.pipeline.node - INFO - Running node: data_with_features_node: creating_features([preprocess_data,preprocess_world_data]) -> [data_with_features]
2023-02-10 17:26:17,818 - kedro.io.data_catalog - INFO - Saving data to 'data_with_features' (CSVDataSet)...
2023-02-10 17:26:17,824 - kedro.runner.sequential_runner - INFO - Completed 1 out of 1 tasks
2023-02-10 17:26:17,826 - kedro.runner.sequential_runner - INFO - Pipeline execution completed successfully.
2023-02-10 17:31:20,172 - kedro.framework.session.session - INFO - Kedro project economic-freedom-ml
2023-02-10 17:31:21,380 - kedro.io.data_catalog - INFO - Loading data from 'preprocess_data' (CSVDataSet)...
2023-02-10 17:31:21,388 - kedro.io.data_catalog - INFO - Loading data from 'preprocess_world_data' (CSVDataSet)...
2023-02-10 17:31:21,394 - kedro.pipeline.node - INFO - Running node: data_with_features_node: creating_features([preprocess_data,preprocess_world_data]) -> [data_with_features]
2023-02-10 17:31:21,398 - kedro.io.data_catalog - INFO - Saving data to 'data_with_features' (CSVDataSet)...
2023-02-10 17:31:21,424 - kedro.runner.sequential_runner - INFO - Completed 1 out of 1 tasks
2023-02-10 17:31:21,428 - kedro.runner.sequential_runner - INFO - Pipeline execution completed successfully.
2023-02-10 17:33:55,063 - kedro.framework.session.session - INFO - Kedro project economic-freedom-ml
2023-02-10 17:33:56,488 - kedro.io.data_catalog - INFO - Loading data from 'heritage_foundation_database' (CSVDataSet)...
2023-02-10 17:33:56,510 - kedro.pipeline.node - INFO - Running node: preprocess_raw_data_node: preprocess_raw_data([heritage_foundation_database]) -> [preprocess_data]
2023-02-10 17:33:56,527 - kedro.io.data_catalog - INFO - Saving data to 'preprocess_data' (CSVDataSet)...
2023-02-10 17:33:56,567 - kedro.runner.sequential_runner - INFO - Completed 1 out of 2 tasks
2023-02-10 17:33:56,585 - kedro.io.data_catalog - INFO - Loading data from 'world_database' (CSVDataSet)...
2023-02-10 17:33:56,612 - kedro.pipeline.node - INFO - Running node: preprocess_world_data_node: preprocess_world([world_database]) -> [preprocess_world_data]
2023-02-10 17:33:56,643 - kedro.io.data_catalog - INFO - Saving data to 'preprocess_world_data' (CSVDataSet)...
2023-02-10 17:33:56,652 - kedro.runner.sequential_runner - INFO - Completed 2 out of 2 tasks
2023-02-10 17:33:56,658 - kedro.runner.sequential_runner - INFO - Pipeline execution completed successfully.
2023-02-10 17:34:01,769 - kedro.framework.session.session - INFO - Kedro project economic-freedom-ml
2023-02-10 17:34:03,327 - kedro.io.data_catalog - INFO - Loading data from 'preprocess_data' (CSVDataSet)...
2023-02-10 17:34:03,337 - kedro.io.data_catalog - INFO - Loading data from 'preprocess_world_data' (CSVDataSet)...
2023-02-10 17:34:03,344 - kedro.pipeline.node - INFO - Running node: data_with_features_node: creating_features([preprocess_data,preprocess_world_data]) -> [data_with_features]
2023-02-10 17:34:03,353 - kedro.pipeline.node - ERROR - Node 'data_with_features_node: creating_features([preprocess_data,preprocess_world_data]) -> [data_with_features]' failed with error: 
'country'
2023-02-10 17:34:03,361 - kedro.runner.sequential_runner - WARNING - No nodes ran. Repeat the previous command to attempt a new run.
2023-02-10 17:34:54,175 - kedro.framework.session.session - INFO - Kedro project economic-freedom-ml
2023-02-10 17:34:55,568 - kedro.io.data_catalog - INFO - Loading data from 'heritage_foundation_database' (CSVDataSet)...
2023-02-10 17:34:55,579 - kedro.pipeline.node - INFO - Running node: preprocess_raw_data_node: preprocess_raw_data([heritage_foundation_database]) -> [preprocess_data]
2023-02-10 17:34:55,588 - kedro.io.data_catalog - INFO - Saving data to 'preprocess_data' (CSVDataSet)...
2023-02-10 17:34:55,643 - kedro.runner.sequential_runner - INFO - Completed 1 out of 2 tasks
2023-02-10 17:34:55,646 - kedro.io.data_catalog - INFO - Loading data from 'world_database' (CSVDataSet)...
2023-02-10 17:34:55,675 - kedro.pipeline.node - INFO - Running node: preprocess_world_data_node: preprocess_world([world_database]) -> [preprocess_world_data]
2023-02-10 17:34:55,687 - kedro.io.data_catalog - INFO - Saving data to 'preprocess_world_data' (CSVDataSet)...
2023-02-10 17:34:55,693 - kedro.runner.sequential_runner - INFO - Completed 2 out of 2 tasks
2023-02-10 17:34:55,696 - kedro.runner.sequential_runner - INFO - Pipeline execution completed successfully.
2023-02-10 17:35:09,772 - kedro.framework.session.session - INFO - Kedro project economic-freedom-ml
2023-02-10 17:35:11,185 - kedro.io.data_catalog - INFO - Loading data from 'preprocess_data' (CSVDataSet)...
2023-02-10 17:35:11,195 - kedro.io.data_catalog - INFO - Loading data from 'preprocess_world_data' (CSVDataSet)...
2023-02-10 17:35:11,200 - kedro.pipeline.node - INFO - Running node: data_with_features_node: creating_features([preprocess_data,preprocess_world_data]) -> [data_with_features]
2023-02-10 17:35:11,222 - kedro.io.data_catalog - INFO - Saving data to 'data_with_features' (CSVDataSet)...
2023-02-10 17:35:11,964 - kedro.runner.sequential_runner - INFO - Completed 1 out of 1 tasks
2023-02-10 17:35:11,968 - kedro.runner.sequential_runner - INFO - Pipeline execution completed successfully.
2023-02-10 17:40:50,972 - kedro.framework.session.session - INFO - Kedro project economic-freedom-ml
2023-02-10 17:40:52,228 - kedro.io.data_catalog - INFO - Loading data from 'preprocess_data' (CSVDataSet)...
2023-02-10 17:40:52,235 - kedro.io.data_catalog - INFO - Loading data from 'preprocess_world_data' (CSVDataSet)...
2023-02-10 17:40:52,240 - kedro.pipeline.node - INFO - Running node: data_with_features_node: creating_features([preprocess_data,preprocess_world_data]) -> [data_with_features]
2023-02-10 17:40:52,249 - kedro.io.data_catalog - INFO - Saving data to 'data_with_features' (CSVDataSet)...
2023-02-10 17:40:52,280 - kedro.runner.sequential_runner - INFO - Completed 1 out of 1 tasks
2023-02-10 17:40:52,285 - kedro.runner.sequential_runner - INFO - Pipeline execution completed successfully.
